<?xml version="1.0" encoding="UTF-8"?>
<!-- Generated by org.testng.reporters.JUnitReportReporter -->
<testsuite hostname="DESKTOP-8S455D7" failures="0" tests="1" name="practice.com.rmg.responseValidation.ValidateResponseBody" time="7.313" errors="0" timestamp="2021-06-22T14:08:08 IST" skipped="0">
  <testcase classname="practice.com.rmg.responseValidation.ValidateResponseBody" name="getAllProjectAndValidateDynamicResponse" time="7.313"/>
  <system-out/>
</testsuite> <!-- practice.com.rmg.responseValidation.ValidateResponseBody -->
