<?xml version="1.0" encoding="UTF-8"?>
<!-- Generated by org.testng.reporters.JUnitReportReporter -->
<testsuite hostname="DESKTOP-8S455D7" failures="0" tests="1" name="practice.com.rmg.responseValidation.CaptureAllREpoNameGit" time="10.567" errors="0" timestamp="2021-06-22T14:24:47 IST" skipped="0">
  <testcase classname="practice.com.rmg.responseValidation.CaptureAllREpoNameGit" name="getAllRepoForUSer" time="10.567"/>
  <system-out/>
</testsuite> <!-- practice.com.rmg.responseValidation.CaptureAllREpoNameGit -->
