<?xml version="1.0" encoding="UTF-8"?>
<!-- Generated by org.testng.reporters.JUnitReportReporter -->
<testsuite hostname="DESKTOP-8S455D7" failures="0" tests="1" name="practice.com.rmg.api.autentication.AuthenticationTest" time="7.879" errors="0" timestamp="2021-06-22T12:53:32 IST" skipped="0">
  <testcase classname="practice.com.rmg.api.autentication.AuthenticationTest" name="bearerTokenAuth" time="7.879"/>
  <system-out/>
</testsuite> <!-- practice.com.rmg.api.autentication.AuthenticationTest -->
