<?xml version="1.0" encoding="UTF-8"?>
<!-- Generated by org.testng.reporters.JUnitReportReporter -->
<testsuite hostname="DESKTOP-8S455D7" failures="0" tests="1" name="practice.com.rmg.api.git.paramter.GitParameterTest" time="6.956" errors="0" timestamp="2021-06-22T13:15:29 IST" skipped="0">
  <testcase classname="practice.com.rmg.api.git.paramter.GitParameterTest" name="queryParamTest" time="6.956"/>
  <system-out/>
</testsuite> <!-- practice.com.rmg.api.git.paramter.GitParameterTest -->
